This is XeTeX, Version 3.141592653-2.6-0.999995 (TeX Live 2023) (preloaded format=xelatex 2024.1.27)  20 MAR 2024 10:01
entering extended mode
 restricted \write18 enabled.
 file:line:error style messages enabled.
 %&-line parsing enabled.
**/Users/timli/DeepLearningProjects/Memorize/IELTS_Ver2_00_no_line_no_chinese.tex
(/Users/timli/DeepLearningProjects/Memorize/IELTS_Ver2_00_no_line_no_chinese.tex
LaTeX2e <2022-11-01> patch level 1
L3 programming layer <2023-02-22> (/usr/local/texlive/2023/texmf-dist/tex/latex/base/article.cls
Document Class: article 2022/07/02 v1.4n Standard LaTeX document class
(/usr/local/texlive/2023/texmf-dist/tex/latex/base/size10.clo
File: size10.clo 2022/07/02 v1.4n Standard LaTeX file (size option)
)
\c@part=\count181
\c@section=\count182
\c@subsection=\count183
\c@subsubsection=\count184
\c@paragraph=\count185
\c@subparagraph=\count186
\c@figure=\count187
\c@table=\count188
\abovecaptionskip=\skip48
\belowcaptionskip=\skip49
\bibindent=\dimen140
) (/usr/local/texlive/2023/texmf-dist/tex/latex/geometry/geometry.sty
Package: geometry 2020/01/02 v5.9 Page Geometry
 (/usr/local/texlive/2023/texmf-dist/tex/latex/graphics/keyval.sty
Package: keyval 2022/05/29 v1.15 key=value parser (DPC)
\KV@toks@=\toks16
) (/usr/local/texlive/2023/texmf-dist/tex/generic/iftex/ifvtex.sty
Package: ifvtex 2019/10/25 v1.7 ifvtex legacy package. Use iftex instead.
 (/usr/local/texlive/2023/texmf-dist/tex/generic/iftex/iftex.sty
Package: iftex 2022/02/03 v1.0f TeX engine tests
))
\Gm@cnth=\count189
\Gm@cntv=\count190
\c@Gm@tempcnt=\count191
\Gm@bindingoffset=\dimen141
\Gm@wd@mp=\dimen142
\Gm@odd@mp=\dimen143
\Gm@even@mp=\dimen144
\Gm@layoutwidth=\dimen145
\Gm@layoutheight=\dimen146
\Gm@layouthoffset=\dimen147
\Gm@layoutvoffset=\dimen148
\Gm@dimlist=\toks17
) (/usr/local/texlive/2023/texmf-dist/tex/latex/setspace/setspace.sty
Package: setspace 2022/12/04 v6.7b set line spacing
) (/usr/local/texlive/2023/texmf-dist/tex/latex/ctex/ctex.sty (/usr/local/texlive/2023/texmf-dist/tex/latex/l3kernel/expl3.sty
Package: expl3 2023-02-22 L3 programming layer (loader) 
 (/usr/local/texlive/2023/texmf-dist/tex/latex/l3backend/l3backend-xetex.def
File: l3backend-xetex.def 2023-01-16 L3 backend support: XeTeX
\g__graphics_track_int=\count192
\l__pdf_internal_box=\box51
\g__pdf_backend_object_int=\count193
\g__pdf_backend_annotation_int=\count194
\g__pdf_backend_link_int=\count195
))
Package: ctex 2022/07/14 v2.5.10 Chinese adapter in LaTeX (CTEX)
 (/usr/local/texlive/2023/texmf-dist/tex/latex/ctex/ctexhook.sty
Package: ctexhook 2022/07/14 v2.5.10 Document and package hooks (CTEX)
) (/usr/local/texlive/2023/texmf-dist/tex/latex/ctex/ctexpatch.sty
Package: ctexpatch 2022/07/14 v2.5.10 Patching commands (CTEX)
) (/usr/local/texlive/2023/texmf-dist/tex/latex/base/fix-cm.sty
Package: fix-cm 2020/11/24 v1.1t fixes to LaTeX
 (/usr/local/texlive/2023/texmf-dist/tex/latex/base/ts1enc.def
File: ts1enc.def 2001/06/05 v3.0e (jk/car/fm) Standard LaTeX file
LaTeX Font Info:    Redeclaring font encoding TS1 on input line 47.
))
\l__ctex_tmp_int=\count196
\l__ctex_tmp_box=\box52
\l__ctex_tmp_dim=\dimen149
\g__ctex_section_depth_int=\count197
\g__ctex_font_size_int=\count198
 (/usr/local/texlive/2023/texmf-dist/tex/latex/ctex/config/ctexopts.cfg
File: ctexopts.cfg 2022/07/14 v2.5.10 Option configuration file (CTEX)
) (/usr/local/texlive/2023/texmf-dist/tex/latex/ctex/engine/ctex-engine-xetex.def
File: ctex-engine-xetex.def 2022/07/14 v2.5.10 XeLaTeX adapter (CTEX)
 (/usr/local/texlive/2023/texmf-dist/tex/xelatex/xecjk/xeCJK.sty
Package: xeCJK 2022/08/05 v3.9.1 Typesetting CJK scripts with XeLaTeX
 (/usr/local/texlive/2023/texmf-dist/tex/latex/l3packages/xtemplate/xtemplate.sty
Package: xtemplate 2023-02-02 L3 Experimental prototype document functions
\l__xtemplate_tmp_dim=\dimen150
\l__xtemplate_tmp_int=\count199
\l__xtemplate_tmp_muskip=\muskip16
\l__xtemplate_tmp_skip=\skip50
)
\l__xeCJK_tmp_int=\count266
\l__xeCJK_tmp_box=\box53
\l__xeCJK_tmp_dim=\dimen151
\l__xeCJK_tmp_skip=\skip51
\g__xeCJK_space_factor_int=\count267
\l__xeCJK_begin_int=\count268
\l__xeCJK_end_int=\count269
\c__xeCJK_CJK_class_int=\XeTeXcharclass1
\c__xeCJK_FullLeft_class_int=\XeTeXcharclass2
\c__xeCJK_FullRight_class_int=\XeTeXcharclass3
\c__xeCJK_HalfLeft_class_int=\XeTeXcharclass4
\c__xeCJK_HalfRight_class_int=\XeTeXcharclass5
\c__xeCJK_NormalSpace_class_int=\XeTeXcharclass6
\c__xeCJK_CM_class_int=\XeTeXcharclass7
\c__xeCJK_HangulJamo_class_int=\XeTeXcharclass8
\l__xeCJK_last_skip=\skip52
\c__xeCJK_none_node=\count270
\g__xeCJK_node_int=\count271
\c__xeCJK_CJK_node_dim=\dimen152
\c__xeCJK_CJK-space_node_dim=\dimen153
\c__xeCJK_default_node_dim=\dimen154
\c__xeCJK_CJK-widow_node_dim=\dimen155
\c__xeCJK_normalspace_node_dim=\dimen156
\c__xeCJK_default-space_node_skip=\skip53
\l__xeCJK_ccglue_skip=\skip54
\l__xeCJK_ecglue_skip=\skip55
\l__xeCJK_punct_kern_skip=\skip56
\l__xeCJK_indent_box=\box54
\l__xeCJK_last_penalty_int=\count272
\l__xeCJK_last_bound_dim=\dimen157
\l__xeCJK_last_kern_dim=\dimen158
\l__xeCJK_widow_penalty_int=\count273

Package xtemplate Info: Declaring object type 'xeCJK/punctuation' taking 0
(xtemplate)             argument(s) on line 2396.

\l__xeCJK_fixed_punct_width_dim=\dimen159
\l__xeCJK_mixed_punct_width_dim=\dimen160
\l__xeCJK_middle_punct_width_dim=\dimen161
\l__xeCJK_fixed_margin_width_dim=\dimen162
\l__xeCJK_mixed_margin_width_dim=\dimen163
\l__xeCJK_middle_margin_width_dim=\dimen164
\l__xeCJK_bound_punct_width_dim=\dimen165
\l__xeCJK_bound_margin_width_dim=\dimen166
\l__xeCJK_margin_minimum_dim=\dimen167
\l__xeCJK_kerning_total_width_dim=\dimen168
\l__xeCJK_same_align_margin_dim=\dimen169
\l__xeCJK_different_align_margin_dim=\dimen170
\l__xeCJK_kerning_margin_width_dim=\dimen171
\l__xeCJK_kerning_margin_minimum_dim=\dimen172
\l__xeCJK_bound_dim=\dimen173
\l__xeCJK_reverse_bound_dim=\dimen174
\l__xeCJK_margin_dim=\dimen175
\l__xeCJK_minimum_bound_dim=\dimen176
\l__xeCJK_kerning_margin_dim=\dimen177
\g__xeCJK_family_int=\count274
\l__xeCJK_fam_int=\count275
\g__xeCJK_fam_allocation_int=\count276
\l__xeCJK_verb_case_int=\count277
\l__xeCJK_verb_exspace_skip=\skip57
 (/usr/local/texlive/2023/texmf-dist/tex/latex/fontspec/fontspec.sty (/usr/local/texlive/2023/texmf-dist/tex/latex/l3packages/xparse/xparse.sty
Package: xparse 2023-02-02 L3 Experimental document command parser
)
Package: fontspec 2022/01/15 v2.8a Font selection for XeLaTeX and LuaLaTeX
 (/usr/local/texlive/2023/texmf-dist/tex/latex/fontspec/fontspec-xetex.sty
Package: fontspec-xetex 2022/01/15 v2.8a Font selection for XeLaTeX and LuaLaTeX
\l__fontspec_script_int=\count278
\l__fontspec_language_int=\count279
\l__fontspec_strnum_int=\count280
\l__fontspec_tmp_int=\count281
\l__fontspec_tmpa_int=\count282
\l__fontspec_tmpb_int=\count283
\l__fontspec_tmpc_int=\count284
\l__fontspec_em_int=\count285
\l__fontspec_emdef_int=\count286
\l__fontspec_strong_int=\count287
\l__fontspec_strongdef_int=\count288
\l__fontspec_tmpa_dim=\dimen178
\l__fontspec_tmpb_dim=\dimen179
\l__fontspec_tmpc_dim=\dimen180
 (/usr/local/texlive/2023/texmf-dist/tex/latex/base/fontenc.sty
Package: fontenc 2021/04/29 v2.0v Standard LaTeX package
) (/usr/local/texlive/2023/texmf-dist/tex/latex/fontspec/fontspec.cfg))) (/usr/local/texlive/2023/texmf-dist/tex/xelatex/xecjk/xeCJK.cfg
File: xeCJK.cfg 2022/08/05 v3.9.1 Configuration file for xeCJK package
))
\ccwd=\dimen181
\l__ctex_ccglue_skip=\skip58
)
\l__ctex_ziju_dim=\dimen182
 (/usr/local/texlive/2023/texmf-dist/tex/latex/zhnumber/zhnumber.sty
Package: zhnumber 2022/07/14 v3.0 Typesetting numbers with Chinese glyphs
\l__zhnum_scale_int=\count289
\l__zhnum_tmp_int=\count290
 (/usr/local/texlive/2023/texmf-dist/tex/latex/zhnumber/zhnumber-utf8.cfg
File: zhnumber-utf8.cfg 2022/07/14 v3.0 Chinese numerals with UTF8 encoding
)) (/usr/local/texlive/2023/texmf-dist/tex/latex/ctex/scheme/ctex-scheme-chinese.def
File: ctex-scheme-chinese.def 2022/07/14 v2.5.10 Chinese scheme for generic (CTEX)
 (/usr/local/texlive/2023/texmf-dist/tex/latex/ctex/config/ctex-name-utf8.cfg
File: ctex-name-utf8.cfg 2022/07/14 v2.5.10 Caption with encoding UTF-8 (CTEX)
)) (/usr/local/texlive/2023/texmf-dist/tex/latex/tools/indentfirst.sty
Package: indentfirst 1995/11/23 v1.03 Indent first paragraph (DPC)
) (/usr/local/texlive/2023/texmf-dist/tex/latex/ctex/ctex-c5size.clo
File: ctex-c5size.clo 2022/07/14 v2.5.10 c5size option (CTEX)
) (/usr/local/texlive/2023/texmf-dist/tex/latex/ctex/fontset/ctex-fontset-mac.def
File: ctex-fontset-mac.def 2022/07/14 v2.5.10 macOS fonts definition (CTEX)
 (/usr/local/texlive/2023/texmf-dist/tex/latex/ctex/fontset/ctex-fontset-macnew.def
File: ctex-fontset-macnew.def 2022/07/14 v2.5.10 macOS fonts definition for El Capitan or later version (CTEX)


Package fontspec Warning: Font "Songti SC Light" does not contain requested
(fontspec)                Script "CJK".


Package fontspec Info: Font family 'SongtiSCLight(0)' created for font 'Songti
(fontspec)             SC Light' with options
(fontspec)             [Script={CJK},BoldItalicFont={Kaiti SC
(fontspec)             Bold},BoldFont={Songti SC Bold},ItalicFont={Kaiti SC}].
(fontspec)              
(fontspec)              This font family consists of the following NFSS
(fontspec)             series/shapes:
(fontspec)              
(fontspec)             - 'normal' (m/n) with NFSS spec.: <->"Songti SC
(fontspec)             Light/OT:language=dflt;"
(fontspec)             - 'small caps'  (m/sc) with NFSS spec.: 
(fontspec)             - 'bold' (b/n) with NFSS spec.: <->"Songti SC
(fontspec)             Bold/OT:language=dflt;"
(fontspec)             - 'bold small caps'  (b/sc) with NFSS spec.: 
(fontspec)             - 'italic' (m/it) with NFSS spec.: <->"Kaiti
(fontspec)             SC/OT:language=dflt;"
(fontspec)             - 'italic small caps'  (m/scit) with NFSS spec.: 
(fontspec)             - 'bold italic' (b/it) with NFSS spec.: <->"Kaiti SC
(fontspec)             Bold/OT:language=dflt;"
(fontspec)             - 'bold italic small caps'  (b/scit) with NFSS spec.: 

))) (/usr/local/texlive/2023/texmf-dist/tex/latex/ctex/config/ctex.cfg
File: ctex.cfg 2022/07/14 v2.5.10 Configuration file (CTEX)
) (/usr/local/texlive/2023/texmf-dist/tex/latex/tools/multicol.sty
Package: multicol 2021/11/30 v1.9d multicolumn formatting (FMi)
\c@tracingmulticols=\count291
\mult@box=\box55
\multicol@leftmargin=\dimen183
\c@unbalance=\count292
\c@collectmore=\count293
\doublecol@number=\count294
\multicoltolerance=\count295
\multicolpretolerance=\count296
\full@width=\dimen184
\page@free=\dimen185
\premulticols=\dimen186
\postmulticols=\dimen187
\multicolsep=\skip59
\multicolbaselineskip=\skip60
\partial@page=\box56
\last@line=\box57
\maxbalancingoverflow=\dimen188
\mult@rightbox=\box58
\mult@grightbox=\box59
\mult@firstbox=\box60
\mult@gfirstbox=\box61
\@tempa=\box62
\@tempa=\box63
\@tempa=\box64
\@tempa=\box65
\@tempa=\box66
\@tempa=\box67
\@tempa=\box68
\@tempa=\box69
\@tempa=\box70
\@tempa=\box71
\@tempa=\box72
\@tempa=\box73
\@tempa=\box74
\@tempa=\box75
\@tempa=\box76
\@tempa=\box77
\@tempa=\box78
\@tempa=\box79
\@tempa=\box80
\@tempa=\box81
\@tempa=\box82
\@tempa=\box83
\@tempa=\box84
\@tempa=\box85
\@tempa=\box86
\@tempa=\box87
\@tempa=\box88
\@tempa=\box89
\@tempa=\box90
\@tempa=\box91
\@tempa=\box92
\@tempa=\box93
\@tempa=\box94
\@tempa=\box95
\@tempa=\box96
\@tempa=\box97
\c@minrows=\count297
\c@columnbadness=\count298
\c@finalcolumnbadness=\count299
\last@try=\dimen189
\multicolovershoot=\dimen190
\multicolundershoot=\dimen191
\mult@nat@firstbox=\box98
\colbreak@box=\box99
\mc@col@check@num=\count300
)

LaTeX Warning: Unused global option(s):
    [4pt].

(./IELTS_Ver2_00_no_line_no_chinese.aux)
\openout1 = `IELTS_Ver2_00_no_line_no_chinese.aux'.

LaTeX Font Info:    Checking defaults for OML/cmm/m/it on input line 9.
LaTeX Font Info:    ... okay on input line 9.
LaTeX Font Info:    Checking defaults for OMS/cmsy/m/n on input line 9.
LaTeX Font Info:    ... okay on input line 9.
LaTeX Font Info:    Checking defaults for OT1/cmr/m/n on input line 9.
LaTeX Font Info:    ... okay on input line 9.
LaTeX Font Info:    Checking defaults for T1/cmr/m/n on input line 9.
LaTeX Font Info:    ... okay on input line 9.
LaTeX Font Info:    Checking defaults for TS1/cmr/m/n on input line 9.
LaTeX Font Info:    ... okay on input line 9.
LaTeX Font Info:    Checking defaults for TU/lmr/m/n on input line 9.
LaTeX Font Info:    ... okay on input line 9.
LaTeX Font Info:    Checking defaults for OMX/cmex/m/n on input line 9.
LaTeX Font Info:    ... okay on input line 9.
LaTeX Font Info:    Checking defaults for U/cmr/m/n on input line 9.
LaTeX Font Info:    ... okay on input line 9.

*geometry* driver: auto-detecting
*geometry* detected driver: xetex
*geometry* verbose mode - [ preamble ] result:
* driver: xetex
* paper: a4paper
* layout: <same size as paper>
* layoutoffset:(h,v)=(0.0pt,0.0pt)
* modes: landscape 
* h-part:(L,W,R)=(28.45274pt, 802.36774pt, 14.22636pt)
* v-part:(T,H,B)=(0.0pt, 554.82875pt, 42.67912pt)
* \paperwidth=845.04684pt
* \paperheight=597.50787pt
* \textwidth=802.36774pt
* \textheight=554.82875pt
* \oddsidemargin=-43.81725pt
* \evensidemargin=-43.81725pt
* \topmargin=-109.26999pt
* \headheight=12.0pt
* \headsep=25.0pt
* \topskip=10.0pt
* \footskip=30.0pt
* \marginparwidth=57.0pt
* \marginparsep=11.0pt
* \columnsep=10.0pt
* \skip\footins=9.0pt plus 4.0pt minus 2.0pt
* \hoffset=0.0pt
* \voffset=0.0pt
* \mag=1000
* \@twocolumnfalse
* \@twosidefalse
* \@mparswitchfalse
* \@reversemarginfalse
* (1in=72.27pt=25.4mm, 1cm=28.453pt)


Package fontspec Info: Adjusting the maths setup (use [no-math] to avoid
(fontspec)             this).

\symlegacymaths=\mathgroup4
LaTeX Font Info:    Overwriting symbol font `legacymaths' in version `bold'
(Font)                  OT1/cmr/m/n --> OT1/cmr/bx/n on input line 9.
LaTeX Font Info:    Redeclaring math accent \acute on input line 9.
LaTeX Font Info:    Redeclaring math accent \grave on input line 9.
LaTeX Font Info:    Redeclaring math accent \ddot on input line 9.
LaTeX Font Info:    Redeclaring math accent \tilde on input line 9.
LaTeX Font Info:    Redeclaring math accent \bar on input line 9.
LaTeX Font Info:    Redeclaring math accent \breve on input line 9.
LaTeX Font Info:    Redeclaring math accent \check on input line 9.
LaTeX Font Info:    Redeclaring math accent \hat on input line 9.
LaTeX Font Info:    Redeclaring math accent \dot on input line 9.
LaTeX Font Info:    Redeclaring math accent \mathring on input line 9.
LaTeX Font Info:    Redeclaring math symbol \colon on input line 9.
LaTeX Font Info:    Redeclaring math symbol \Gamma on input line 9.
LaTeX Font Info:    Redeclaring math symbol \Delta on input line 9.
LaTeX Font Info:    Redeclaring math symbol \Theta on input line 9.
LaTeX Font Info:    Redeclaring math symbol \Lambda on input line 9.
LaTeX Font Info:    Redeclaring math symbol \Xi on input line 9.
LaTeX Font Info:    Redeclaring math symbol \Pi on input line 9.
LaTeX Font Info:    Redeclaring math symbol \Sigma on input line 9.
LaTeX Font Info:    Redeclaring math symbol \Upsilon on input line 9.
LaTeX Font Info:    Redeclaring math symbol \Phi on input line 9.
LaTeX Font Info:    Redeclaring math symbol \Psi on input line 9.
LaTeX Font Info:    Redeclaring math symbol \Omega on input line 9.
LaTeX Font Info:    Redeclaring math symbol \mathdollar on input line 9.
LaTeX Font Info:    Redeclaring symbol font `operators' on input line 9.
LaTeX Font Info:    Encoding `OT1' has changed to `TU' for symbol font
(Font)              `operators' in the math version `normal' on input line 9.
LaTeX Font Info:    Overwriting symbol font `operators' in version `normal'
(Font)                  OT1/cmr/m/n --> TU/lmr/m/n on input line 9.
LaTeX Font Info:    Encoding `OT1' has changed to `TU' for symbol font
(Font)              `operators' in the math version `bold' on input line 9.
LaTeX Font Info:    Overwriting symbol font `operators' in version `bold'
(Font)                  OT1/cmr/bx/n --> TU/lmr/m/n on input line 9.
LaTeX Font Info:    Overwriting symbol font `operators' in version `normal'
(Font)                  TU/lmr/m/n --> TU/lmr/m/n on input line 9.
LaTeX Font Info:    Overwriting math alphabet `\mathit' in version `normal'
(Font)                  OT1/cmr/m/it --> TU/lmr/m/it on input line 9.
LaTeX Font Info:    Overwriting math alphabet `\mathbf' in version `normal'
(Font)                  OT1/cmr/bx/n --> TU/lmr/b/n on input line 9.
LaTeX Font Info:    Overwriting math alphabet `\mathsf' in version `normal'
(Font)                  OT1/cmss/m/n --> TU/lmss/m/n on input line 9.
LaTeX Font Info:    Overwriting math alphabet `\mathtt' in version `normal'
(Font)                  OT1/cmtt/m/n --> TU/lmtt/m/n on input line 9.
LaTeX Font Info:    Overwriting symbol font `operators' in version `bold'
(Font)                  TU/lmr/m/n --> TU/lmr/b/n on input line 9.
LaTeX Font Info:    Overwriting math alphabet `\mathit' in version `bold'
(Font)                  OT1/cmr/bx/it --> TU/lmr/b/it on input line 9.
LaTeX Font Info:    Overwriting math alphabet `\mathsf' in version `bold'
(Font)                  OT1/cmss/bx/n --> TU/lmss/b/n on input line 9.
LaTeX Font Info:    Overwriting math alphabet `\mathtt' in version `bold'
(Font)                  OT1/cmtt/m/n --> TU/lmtt/b/n on input line 9.
LaTeX Font Info:    External font `cmex10' loaded for size
(Font)              <15.05624> on input line 11.
LaTeX Font Info:    External font `cmex10' loaded for size
(Font)              <12.045> on input line 11.
LaTeX Font Info:    External font `cmex10' loaded for size
(Font)              <9.03374> on input line 11.
[1

]
Underfull \hbox (badness 10000) in paragraph at lines 231--232
[]\TU/lmr/m/n/10.53937 The car’s mechanism hummed
 []

[2] [3] [4] [5] [6]
Overfull \hbox (0.12695pt too wide) in paragraph at lines 855--856
[]\TU/lmr/m/n/10.53937 The project was proceeding smoothly
 []

[7]
Underfull \hbox (badness 10000) in paragraph at lines 940--940
[]\TU/lmr/m/n/10.53937 Rumors of such coordination
 []


Underfull \hbox (badness 5607) in paragraph at lines 1001--1001
[]\TU/lmr/m/n/10.53937 Four of my cassettes for your
 []

[8] [9]
Underfull \hbox (badness 10000) in paragraph at lines 1200--1200
[]\TU/lmr/m/n/10.53937 Mick snatched the cards from
 []

[10] [11] [12] [13]
Underfull \hbox (badness 10000) in paragraph at lines 1683--1683
\TU/lmr/m/n/10.53937 tracking capabilities for surface
 []

[14] [15] [16] [17]
Underfull \hbox (badness 10000) in paragraph at lines 2208--2208
[]\TU/lmr/m/n/10.53937 Shawcross said the Saturn 5
 []

[18] [19]
Missing character: There is no ◎ (U+25CE) in font [lmroman10-regular]:mapping=tex-text;!
[20] [21] [22] [23] [24]
Underfull \hbox (badness 10000) in paragraph at lines 3112--3113
[]\TU/lmr/m/n/10.53937 The giant elephant trumpeted
 []

[25]
Underfull \hbox (badness 7433) in paragraph at lines 3315--3315
[]\TU/lmr/m/n/10.53937 They journeyed to the distant
 []

[26] [27] [28]
Underfull \hbox (badness 7907) in paragraph at lines 3697--3698
[]\TU/lmr/m/n/10.53937 The musician’s sporadic perfor-
 []

[29] [30] [31] [32] [33] [34] [35]
Missing character: There is no ④ (U+2463) in font [lmroman10-regular]:mapping=tex-text;!
[36] [37] [38] [39] [40] [41] [42] [43] [44] [45] [46]
Missing character: There is no 塞 (U+F96C) in font Songti SC Light/OT:language=dflt;!
[47] [48] [49] [50]
Underfull \hbox (badness 10000) in paragraph at lines 6489--6489
[]\TU/lmr/m/n/10.53937 ”COLLOINEXA”: |\TU/SongtiSCLight(0)/m/n/10.53937 【\TU/lmr/m/n/10.53937 ”spiritual pu-
 []

[51]
Underfull \hbox (badness 10000) in paragraph at lines 6677--6678
[]\TU/lmr/m/n/10.53937 The programmer’s computer
 []

[52] [53] [54]
Underfull \hbox (badness 10000) in paragraph at lines 7042--7043
[]\TU/lmr/m/n/10.53937 The safety of passengers was
 []


Underfull \hbox (badness 7186) in paragraph at lines 7064--7064
[]\TU/lmr/m/n/10.53937 Two skiers were killed in the
 []


Underfull \hbox (badness 6510) in paragraph at lines 7064--7065
[]\TU/lmr/m/n/10.53937 The skiers were caught in an
 []

[55] [56]
Underfull \hbox (badness 6157) in paragraph at lines 7347--7347
[]\TU/lmr/m/n/10.53937 They sat around the campfire,
 []

[57] [58]
Underfull \hbox (badness 10000) in paragraph at lines 7551--7552
[]\TU/lmr/m/n/10.53937 She pushed her shopping cart
 []


Underfull \hbox (badness 5288) in paragraph at lines 7562--7562
[]\TU/lmr/m/n/10.53937 Blue veins showed through her
 []


Underfull \hbox (badness 8019) in paragraph at lines 7573--7574
[]\TU/lmr/m/n/10.53937 The historian wrote extensively
 []

[59]
Underfull \hbox (badness 10000) in paragraph at lines 7686--7686
[]\TU/lmr/m/n/10.53937 He has learned a phenomenal
 []

[60]
Underfull \hbox (badness 5741) in paragraph at lines 7795--7796
[]\TU/lmr/m/n/10.53937 The divers submerged into the
 []

[61]
Underfull \hbox (badness 5316) in paragraph at lines 8004--8005
\TU/lmr/m/n/10.53937 harmony throughout the perfor-
 []

[62] [63]
Underfull \hbox (badness 10000) in paragraph at lines 8284--8284
[]\TU/lmr/m/n/10.53937 ”COLLOINEXA”: |\TU/SongtiSCLight(0)/m/n/10.53937 【\TU/lmr/m/n/10.53937 ”frail elderly
 []

[64]
Underfull \hbox (badness 10000) in paragraph at lines 8377--8378
[]\TU/lmr/m/n/10.53937 The dolphin swam gracefully
 []

[65]
Underfull \hbox (badness 5622) in paragraph at lines 8451--8452
[]\TU/lmr/m/n/10.53937 He struggled to keep up with
 []

[66]
Overfull \hbox (0.23238pt too wide) in paragraph at lines 8603--8604
[]\TU/lmr/m/n/10.53937 The chef’s culinary skills were consid-
 []

[67] [68]
Underfull \hbox (badness 10000) in paragraph at lines 8821--8822
[]\TU/lmr/m/n/10.53937 international telecommunication
 []


Underfull \hbox (badness 10000) in paragraph at lines 8907--8907
\TU/lmr/m/n/10.53937 other as independent sovereign
 []

[69] [70] [71]
Underfull \hbox (badness 10000) in paragraph at lines 9265--9266
[]\TU/lmr/m/n/10.53937 The abandoned building stood
 []

[72] [73]
Underfull \hbox (badness 7238) in paragraph at lines 9461--9461
[]\TU/lmr/m/n/10.53937 Dozens of companies, including
 []


Underfull \hbox (badness 10000) in paragraph at lines 9582--9583
[]\TU/lmr/m/n/10.53937 The squid’s tentacles wrapped
 []

[74] [75] [76] [77] [78] [79] [80] [81]
Underfull \hbox (badness 6961) in paragraph at lines 10566--10567
[]\TU/lmr/m/n/10.53937 The activists organized a loud
 []

[82] [83] [84] [85] [86] [87] [88]
Underfull \hbox (badness 5217) in paragraph at lines 11425--11425
[]\TU/lmr/m/n/10.53937 ...universal pessimism about the
 []

[89] [90] [91]
Underfull \hbox (badness 5403) in paragraph at lines 11913--11913
[]\TU/lmr/m/n/10.53937 The typical career pattern was
 []


Underfull \hbox (badness 5446) in paragraph at lines 11924--11924
\TU/lmr/m/n/10.53937 incomprehensible errand someone
 []

[92] [93] [94] [95] [96] [97] [98] [99] [100]
Underfull \hbox (badness 10000) in paragraph at lines 12965--12965
[]\TU/lmr/m/n/10.53937 a book depicting life in pre-
 []

[101]
Underfull \hbox (badness 10000) in paragraph at lines 13146--13147
[]\TU/lmr/m/n/10.53937 The environmental regeneration
 []

[102]
Underfull \hbox (badness 6978) in paragraph at lines 13216--13216
[]\TU/lmr/m/n/10.53937 the shade cast by low-hanging
 []


Underfull \hbox (badness 5203) in paragraph at lines 13267--13268
\TU/lmr/m/n/10.53937 being foremost in her decision-
 []

[103]
Underfull \hbox (badness 7944) in paragraph at lines 13443--13443
[]\TU/lmr/m/n/10.53937 Increased population has trans-
 []


Underfull \hbox (badness 10000) in paragraph at lines 13451--13452
[]\TU/lmr/m/n/10.53937 fourier transform infrared spec-
 []

[104]
Underfull \hbox (badness 10000) in paragraph at lines 13521--13521
[]\TU/lmr/m/n/10.53937 a dictionary of synonyms and
 []

[105]
Underfull \hbox (badness 5592) in paragraph at lines 13651--13652
[]\TU/lmr/m/n/10.53937 The government increased taxa-
 []

[106] [107]
Underfull \hbox (badness 10000) in paragraph at lines 13856--13857
[]\TU/lmr/m/n/10.53937 The sailor navigated his boat
 []


Underfull \hbox (badness 7256) in paragraph at lines 13880--13880
[]\TU/lmr/m/n/10.53937 Algeria was formerly a French
 []

[108]
Underfull \hbox (badness 10000) in paragraph at lines 14047--14047
[]\TU/lmr/m/n/10.53937 ”COLLOINEXA”: |\TU/SongtiSCLight(0)/m/n/10.53937 【\TU/lmr/m/n/10.53937 ”engine com-
 []

[109]
Underfull \hbox (badness 5667) in paragraph at lines 14190--14190
[]\TU/lmr/m/n/10.53937 Mary Quant\TU/SongtiSCLight(0)/m/n/10.53937 ’| \TU/lmr/m/n/10.53937 s inspiration comes
 []

[110] [111]
Underfull \hbox (badness 6575) in paragraph at lines 14445--14445
[]\TU/lmr/m/n/10.53937 All these earthquakes happened
 []

[112]
Underfull \hbox (badness 10000) in paragraph at lines 14566--14566
[]\TU/lmr/m/n/10.53937 ”COLLOINEXA”: |\TU/SongtiSCLight(0)/m/n/10.53937 【\TU/lmr/m/n/10.53937 ”electoral
 []

[113] [114] [115] [116]
Underfull \hbox (badness 5105) in paragraph at lines 15084--15085
[]\TU/lmr/m/n/10.53937 The police officer patrolled the
 []


Underfull \hbox (badness 10000) in paragraph at lines 15095--15095
[]\TU/lmr/m/n/10.53937 ...the German ambassador to
 []

[117] [118]
Underfull \hbox (badness 6641) in paragraph at lines 15403--15404
[]\TU/lmr/m/n/10.53937 The villain hatched a complex
 []


Underfull \hbox (badness 10000) in paragraph at lines 15414--15414
[]\TU/lmr/m/n/10.53937 Several passengers were leaning
 []

[119]
Underfull \hbox (badness 5970) in paragraph at lines 15452--15453
[]\TU/lmr/m/n/10.53937 The surgeon carefully held the
 []

[120] [121]
Underfull \hbox (badness 7362) in paragraph at lines 15742--15743
[]\TU/lmr/m/n/10.53937 The weather forecast was pre-
 []

[122] [123]
Missing character: There is no ◎ (U+25CE) in font [lmroman10-regular]:mapping=tex-text;!
[124] [125] [126]
Underfull \hbox (badness 5696) in paragraph at lines 16397--16397
[]\TU/lmr/m/n/10.53937 Michael\TU/SongtiSCLight(0)/m/n/10.53937 ’| \TU/lmr/m/n/10.53937 s shoulders heaved with
 []

[127] [128]
Underfull \hbox (badness 10000) in paragraph at lines 16627--16628
[]\TU/lmr/m/n/10.53937 The council members discussed
 []


Underfull \hbox (badness 5316) in paragraph at lines 16627--16628
\TU/lmr/m/n/10.53937 the proposed development plans
 []

[129]
Missing character: There is no   (U+2009) in font [lmroman10-regular]:mapping=tex-text;!

Underfull \hbox (badness 5607) in paragraph at lines 16868--16868
[]\TU/lmr/m/n/10.53937 Our fox and hound find their
 []

[130] [131] [132] [133]
Underfull \hbox (badness 10000) in paragraph at lines 17379--17379
[]\TU/lmr/m/n/10.53937 Each person\TU/SongtiSCLight(0)/m/n/10.53937 ’| \TU/lmr/m/n/10.53937 s fingerprints are
 []

[134] [135]
Underfull \hbox (badness 10000) in paragraph at lines 17584--17584
[]\TU/lmr/m/n/10.53937 A similar situation prevails in
 []

[136] [137] [138]
Underfull \hbox (badness 7540) in paragraph at lines 18031--18032
[]\TU/lmr/m/n/10.53937 The company provided detailed
 []

[139]
Underfull \hbox (badness 7344) in paragraph at lines 18161--18162
\TU/lmr/m/n/10.53937 winter coats before the season
 []

[140]
Underfull \hbox (badness 5771) in paragraph at lines 18291--18292
[]\TU/lmr/m/n/10.53937 The astronaut propelled himself
 []

[141]
Underfull \hbox (badness 10000) in paragraph at lines 18354--18355
[]\TU/lmr/m/n/10.53937 He poured himself a generous
 []

[142] [143] [144] [145] [146]
Underfull \hbox (badness 7468) in paragraph at lines 19052--19052
\TU/lmr/m/n/10.53937 domestic consumption (= when
 []

[147] [148] [149]
Underfull \hbox (badness 5331) in paragraph at lines 19423--19424
[]\TU/lmr/m/n/10.53937 She demonstrated incredible de-
 []


Underfull \hbox (badness 10000) in paragraph at lines 19423--19424
\TU/lmr/m/n/10.53937 termination in completing the
 []


Underfull \hbox (badness 10000) in paragraph at lines 19423--19424
\TU/lmr/m/n/10.53937 marathon despite the grueling
 []

[150]
Missing character: There is no ◎ (U+25CE) in font [lmroman10-regular]:mapping=tex-text;!
[151] [152]
Underfull \hbox (badness 7832) in paragraph at lines 19767--19768
[]\TU/lmr/m/n/10.53937 The shepherd guided his flock
 []

[153] [154] [155]
Underfull \hbox (badness 10000) in paragraph at lines 20149--20149
\TU/lmr/m/n/10.53937 queens”\TU/SongtiSCLight(0)/m/n/10.53937 】| \TU/lmr/m/n/10.53937 ,”COLLOINEXA”: |\TU/SongtiSCLight(0)/m/n/10.53937 【\TU/lmr/m/n/10.53937 ”the
 []

[156]
Underfull \hbox (badness 10000) in paragraph at lines 20310--20311
[]\TU/lmr/m/n/10.53937 The contemporary art museum
 []

[157] [158] [159] [160] [161]
Underfull \hbox (badness 10000) in paragraph at lines 20917--20918
[]\TU/lmr/m/n/10.53937 He followed the winding trail
 []


Underfull \hbox (badness 6316) in paragraph at lines 20950--20951
[]\TU/lmr/m/n/10.53937 He squeezed his fingers tightly
 []

[162] [163] [164] [165] [166]
Underfull \hbox (badness 10000) in paragraph at lines 21594--21594
[]\TU/lmr/m/n/10.53937 Goods are normally dispatched
 []

[167]
Underfull \hbox (badness 8038) in paragraph at lines 21679--21679
[]\TU/lmr/m/n/10.53937 The Wilderness Society lobbied
 []


Underfull \hbox (badness 10000) in paragraph at lines 21701--21702
[]\TU/lmr/m/n/10.53937 She efficiently organized her
 []

[168] [169]
Underfull \hbox (badness 8000) in paragraph at lines 22016--22016
[]\TU/lmr/m/n/10.53937 The photographs evoked strong
 []

[170] [171] [172] [173]
Underfull \hbox (badness 10000) in paragraph at lines 22520--22521
[]\TU/lmr/m/n/10.53937 The skyscraper’s superstructure
 []

[174] [175] [176]
Underfull \hbox (badness 10000) in paragraph at lines 22842--22843
[]\TU/lmr/m/n/10.53937 She had difficulty hearing the
 []

[177] [178] [179]
Missing character: There is no ◎ (U+25CE) in font [lmroman10-regular]:mapping=tex-text;!
[180]
Underfull \hbox (badness 10000) in paragraph at lines 23435--23436
[]\TU/lmr/m/n/10.53937 The professor’s voice was
 []

[181] [182]
Underfull \hbox (badness 6157) in paragraph at lines 23602--23603
\TU/lmr/m/n/10.53937 another mundane day, counting
 []


Underfull \hbox (badness 8075) in paragraph at lines 23665--23666
\TU/lmr/m/n/10.53937 cookies was perceptible in the
 []

[183]
Underfull \hbox (badness 7203) in paragraph at lines 23761--23762
[]\TU/lmr/m/n/10.53937 The multilateral agreement was
 []

[184] [185] [186] [187]
Underfull \hbox (badness 5316) in paragraph at lines 24245--24246
\TU/lmr/m/n/10.53937 istence was a thought-provoking
 []


Underfull \hbox (badness 7238) in paragraph at lines 24284--24284
[]\TU/lmr/m/n/10.53937 I am writing to confirm /en-
 []

[188] [189] [190]
Underfull \hbox (badness 7030) in paragraph at lines 24663--24664
[]\TU/lmr/m/n/10.53937 He was able to articulate his
 []

[191]
Underfull \hbox (badness 8038) in paragraph at lines 24793--24794
[]\TU/lmr/m/n/10.53937 The storm thundered overhead,
 []

[192]
Underfull \hbox (badness 10000) in paragraph at lines 24922--24923
[]\TU/lmr/m/n/10.53937 The company’s entire opera-
 []

[193] [194]
Underfull \hbox (badness 10000) in paragraph at lines 25191--25192
[]\TU/lmr/m/n/10.53937 The alarm clock loudly rang,
 []


Underfull \hbox (badness 10000) in paragraph at lines 25243--25243
[]\TU/lmr/m/n/10.53937 The Chancellor\TU/SongtiSCLight(0)/m/n/10.53937 ’| \TU/lmr/m/n/10.53937 s entrance was
 []

[195] [196] [197] [198] [199]
Underfull \hbox (badness 10000) in paragraph at lines 25772--25773
[]\TU/lmr/m/n/10.53937 The workout routine helped
 []


Underfull \hbox (badness 6510) in paragraph at lines 25837--25837
[]\TU/lmr/m/n/10.53937 a plan to improve the town\TU/SongtiSCLight(0)/m/n/10.53937 ’| \TU/lmr/m/n/10.53937 s
 []


Underfull \hbox (badness 10000) in paragraph at lines 25837--25838
[]\TU/lmr/m/n/10.53937 The heavy rainfall caused the
 []

[200]
Underfull \hbox (badness 7944) in paragraph at lines 25983--25983
[]|\TU/SongtiSCLight(0)/m/n/10.53937 ‘\TU/lmr/m/n/10.53937 That\TU/SongtiSCLight(0)/m/n/10.53937 ’| \TU/lmr/m/n/10.53937 s the only possible solu-
 []

[201]
Missing character: There is no ◎ (U+25CE) in font [lmroman10-regular]:mapping=tex-text;!
[202] [203]
Underfull \hbox (badness 10000) in paragraph at lines 26249--26249
[]\TU/lmr/m/n/10.53937 Thecomplex also has Europe\TU/SongtiSCLight(0)/m/n/10.53937 ’| \TU/lmr/m/n/10.53937 s
 []

[204] [205]
Underfull \hbox (badness 5077) in paragraph at lines 26554--26554
[]\TU/lmr/m/n/10.53937 a media campaign to represent
 []

[206] [207] [208] [209] [210]
Underfull \hbox (badness 10000) in paragraph at lines 27264--27264
[]\TU/lmr/m/n/10.53937 Anne dismissed these gloomy
 []

[211] [212]
Underfull \hbox (badness 7722) in paragraph at lines 27481--27482
[]\TU/lmr/m/n/10.53937 The adverse weather conditions
 []

[213] [214] [215]
Underfull \hbox (badness 10000) in paragraph at lines 27819--27819
[]\TU/lmr/m/n/10.53937 Flights by Air Europe depart
 []

[216] [217] [218]
Underfull \hbox (badness 10000) in paragraph at lines 28187--28188
[]\TU/lmr/m/n/10.53937 The musician’s erratic playing
 []


Underfull \hbox (badness 10000) in paragraph at lines 28295--28295
[]\TU/lmr/m/n/10.53937 This drug speeds up your
 []

[219] [220] [221] [222] [223]
Underfull \hbox (badness 10000) in paragraph at lines 28800--28801
[]\TU/lmr/m/n/10.53937 The old man’s decrepit house
 []

[224] [225] [226]
Underfull \hbox (badness 10000) in paragraph at lines 29323--29323
[]|\TU/SongtiSCLight(0)/m/n/10.53937 ‘\TU/lmr/m/n/10.53937 I\TU/SongtiSCLight(0)/m/n/10.53937 ’| \TU/lmr/m/n/10.53937 m going to Appleby tomor-
 []

[227] [228] [229] [230] [231] [232] [233] [234] [235] [236]
Underfull \hbox (badness 8000) in paragraph at lines 30580--30580
[]\TU/lmr/m/n/10.53937 Such treaties provide reciprocal
 []

[237]
Underfull \hbox (badness 5726) in paragraph at lines 30737--30738
\TU/lmr/m/n/10.53937 small startup led to significant
 []

[238] [239] [240]
Underfull \hbox (badness 5231) in paragraph at lines 31141--31141
[]\TU/lmr/m/n/10.53937 We arranged the documents in
 []

[241] [242]
Underfull \hbox (badness 10000) in paragraph at lines 31422--31423
[]\TU/lmr/m/n/10.53937 The sharp-nosed pencil had a
 []

[243]
Underfull \hbox (badness 6047) in paragraph at lines 31609--31609
[]\TU/lmr/m/n/10.53937 Three students were mentioned,
 []


Underfull \hbox (badness 10000) in paragraph at lines 31609--31610
[]\TU/lmr/m/n/10.53937 She mentioned several reasons,
 []

[244] [245] [246] [247] [248] [249] [250]
Underfull \hbox (badness 10000) in paragraph at lines 32419--32420
[]\TU/lmr/m/n/10.53937 She somehow managed to get
 []

[251] [252]
Underfull \hbox (badness 5189) in paragraph at lines 32678--32679
\TU/lmr/m/n/10.53937 proximity, enjoying each other’s
 []

[253] [254] [255]
Underfull \hbox (badness 6380) in paragraph at lines 33084--33085
[]\TU/lmr/m/n/10.53937 The electrical engineer carefully
 []

[256] [257]
Underfull \hbox (badness 10000) in paragraph at lines 33323--33324
\TU/SongtiSCLight(0)/m/n/10.53937 圣 诞 节 期 间 自 杀 的 人 比 其 他 任 何 时
 []

[258]
Underfull \hbox (badness 10000) in paragraph at lines 33506--33506
[]\TU/lmr/m/n/10.53937 Sydney\TU/SongtiSCLight(0)/m/n/10.53937 ’| \TU/lmr/m/n/10.53937 s population expanded
 []

[259] [260] [261]
Underfull \hbox (badness 5652) in paragraph at lines 33806--33807
\TU/lmr/m/n/10.53937 to be lucrative, bringing in a
 []


Underfull \hbox (badness 5954) in paragraph at lines 33900--33900
[]\TU/lmr/m/n/10.53937 Customers have only a limited
 []


Underfull \hbox (badness 5622) in paragraph at lines 33919--33920
[]\TU/lmr/m/n/10.53937 The actor delivered a powerful
 []

[262]
Underfull \hbox (badness 6300) in paragraph at lines 33974--33974
[]\TU/lmr/m/n/10.53937 ...armoured vehicles designed to
 []

[263] [264] [265] [266] [267]
Missing character: There is no ◎ (U+25CE) in font [lmroman10-regular]:mapping=tex-text;!
[268] [269] [270]
Underfull \hbox (badness 10000) in paragraph at lines 35118--35118
[]\TU/lmr/m/n/10.53937 insurance providing indemnity
 []

[271] [272]
Underfull \hbox (badness 10000) in paragraph at lines 35350--35351
[]\TU/lmr/m/n/10.53937 The detective’s grim expression
 []

[273] [274]
Underfull \hbox (badness 10000) in paragraph at lines 35637--35637
[]\TU/lmr/m/n/10.53937 The World Championship was
 []

[275] [276] [277] [278] [279] [280] [281] [282] [283] (./IELTS_Ver2_00_no_line_no_chinese.aux) ) 
Here is how much of TeX's memory you used:
 7293 strings out of 476683
 227708 string characters out of 5804047
 1879018 words of memory out of 5000000
 27487 multiletter control sequences out of 15000+600000
 516795 words of font info for 59 fonts, out of 8000000 for 9000
 1348 hyphenation exceptions out of 8191
 89i,5n,97p,870b,360s stack positions out of 10000i,1000n,20000p,200000b,200000s

Output written on IELTS_Ver2_00_no_line_no_chinese.xdv (283 pages, 7969796 bytes).
